Logging initialized for host None.
Logging initialized for host None.
Logging initialized for host None.
Logging initialized for host None.
Logging initialized for host None.
Logging initialized for host None.
Host 192.168.1.212: Error in show redundancy with response: % Incomplete command.

Host 192.168.1.212: Error in show redundancy with response: % Incomplete command.

Host 192.168.1.212: Error in show redundancy with response: % Incomplete command.

Host 192.168.1.212: Error in show redundancy with response: % Incomplete command.

Host 192.168.1.212: Error in show redundancy with response: % Incomplete command.

Host 192.168.1.212: Error in show redundancy with response: % Incomplete command.

Host 192.168.1.212: Command error for command 'show redundancy'.
Host 192.168.1.212: Command error for command 'show redundancy'.
Host 192.168.1.212: Command error for command 'show redundancy'.
Host 192.168.1.212: Command error for command 'show redundancy'.
Host 192.168.1.212: Command error for command 'show redundancy'.
Host 192.168.1.212: Command error for command 'show redundancy'.
Logging initialized for host 192.168.1.212.
Logging initialized for host 192.168.1.212.
Logging initialized for host 192.168.1.212.
Logging initialized for host 192.168.1.212.
Logging initialized for host 192.168.1.212.
Logging initialized for host 192.168.1.212.
Host 192.168.1.212: Error in show redundancy with response: % Incomplete command.

Host 192.168.1.212: Error in show redundancy with response: % Incomplete command.

Host 192.168.1.212: Error in show redundancy with response: % Incomplete command.

Host 192.168.1.212: Error in show redundancy with response: % Incomplete command.

Host 192.168.1.212: Error in show redundancy with response: % Incomplete command.

Host 192.168.1.212: Error in show redundancy with response: % Incomplete command.

Host 192.168.1.212: Command error for command 'show redundancy'.
Host 192.168.1.212: Command error for command 'show redundancy'.
Host 192.168.1.212: Command error for command 'show redundancy'.
Host 192.168.1.212: Command error for command 'show redundancy'.
Host 192.168.1.212: Command error for command 'show redundancy'.
Host 192.168.1.212: Command error for command 'show redundancy'.
Host 192.168.1.212: Command show version was executed successfully with response: Cisco IOS Software, 7200 Software (C7200-ADVENTERPRISEK9_SNA-M), Version 15.0(1)M, RELEASE SOFTWARE (fc2)
Technical Support: http://www.cisco.com/techsupport
Copyright (c) 1986-2009 by Cisco Systems, Inc.
Compiled Wed 30-Sep-09 07:48 by prod_rel_team

ROM: ROMMON Emulation Microcode
BOOTLDR: 7200 Software (C7200-ADVENTERPRISEK9_SNA-M), Version 15.0(1)M, RELEASE SOFTWARE (fc2)

R1_netg uptime is 1 hour, 27 minutes
System returned to ROM by unknown reload cause - suspect boot_data[BOOT_COUNT] 0x0, BOOT_COUNT 0, BOOTDATA 19
System image file is "tftp://255.255.255.255/unknown"


This product contains cryptographic features and is subject to United
States and local country laws governing import, export, transfer and
use. Delivery of Cisco cryptographic products does not imply
third-party authority to import, export, distribute or use encryption.
Importers, exporters, distributors and users are responsible for
compliance with U.S. and local country laws. By using this product you
agree to comply with applicable laws and regulations. If you are unable
to comply with U.S. and local laws, return this product immediately.

A summary of U.S. laws governing Cisco cryptographic products may be found at:
http://www.cisco.com/wwl/export/crypto/tool/stqrg.html

If you require further assistance please contact us by sending email to
export@cisco.com.

Cisco 7206VXR (NPE400) processor (revision A) with 245760K/16384K bytes of memory.
Processor board ID 4279256517
R7000 CPU at 150MHz, Implementation 39, Rev 2.1, 256KB L2 Cache
6 slot VXR midplane, Version 2.1

Last reset from power-on

PCI bus mb0_mb1 (Slots 0, 1, 3 and 5) has a capacity of 600 bandwidth points.
Current configuration on bus mb0_mb1 has a total of 240 bandwidth points. 
This configuration is within the PCI bus capacity and is supported. 

PCI bus mb2 (Slots 2, 4, 6) has a capacity of 600 bandwidth points.
Current configuration on bus mb2 has a total of 0 bandwidth points 
This configuration is within the PCI bus capacity and is supported. 

Please refer to the following document "Cisco 7200 Series Port Adaptor
Hardware Configuration Guidelines" on Cisco.com <http://www.cisco.com>
for c7200 bandwidth points oversubscription and usage guidelines.


4 Ethernet interfaces
1 FastEthernet interface
125K bytes of NVRAM.

131072K bytes of ATA PCMCIA card at slot 0 (Sector size 512 bytes).
131072K bytes of ATA PCMCIA card at slot 1 (Sector size 512 bytes).
8192K bytes of Flash internal SIMM (Sector size 256K).


Configuration register is 0x2102

Host 192.168.1.212: Command show version was executed successfully with response: Cisco IOS Software, 7200 Software (C7200-ADVENTERPRISEK9_SNA-M), Version 15.0(1)M, RELEASE SOFTWARE (fc2)
Technical Support: http://www.cisco.com/techsupport
Copyright (c) 1986-2009 by Cisco Systems, Inc.
Compiled Wed 30-Sep-09 07:48 by prod_rel_team

ROM: ROMMON Emulation Microcode
BOOTLDR: 7200 Software (C7200-ADVENTERPRISEK9_SNA-M), Version 15.0(1)M, RELEASE SOFTWARE (fc2)

R1_netg uptime is 1 hour, 27 minutes
System returned to ROM by unknown reload cause - suspect boot_data[BOOT_COUNT] 0x0, BOOT_COUNT 0, BOOTDATA 19
System image file is "tftp://255.255.255.255/unknown"


This product contains cryptographic features and is subject to United
States and local country laws governing import, export, transfer and
use. Delivery of Cisco cryptographic products does not imply
third-party authority to import, export, distribute or use encryption.
Importers, exporters, distributors and users are responsible for
compliance with U.S. and local country laws. By using this product you
agree to comply with applicable laws and regulations. If you are unable
to comply with U.S. and local laws, return this product immediately.

A summary of U.S. laws governing Cisco cryptographic products may be found at:
http://www.cisco.com/wwl/export/crypto/tool/stqrg.html

If you require further assistance please contact us by sending email to
export@cisco.com.

Cisco 7206VXR (NPE400) processor (revision A) with 245760K/16384K bytes of memory.
Processor board ID 4279256517
R7000 CPU at 150MHz, Implementation 39, Rev 2.1, 256KB L2 Cache
6 slot VXR midplane, Version 2.1

Last reset from power-on

PCI bus mb0_mb1 (Slots 0, 1, 3 and 5) has a capacity of 600 bandwidth points.
Current configuration on bus mb0_mb1 has a total of 240 bandwidth points. 
This configuration is within the PCI bus capacity and is supported. 

PCI bus mb2 (Slots 2, 4, 6) has a capacity of 600 bandwidth points.
Current configuration on bus mb2 has a total of 0 bandwidth points 
This configuration is within the PCI bus capacity and is supported. 

Please refer to the following document "Cisco 7200 Series Port Adaptor
Hardware Configuration Guidelines" on Cisco.com <http://www.cisco.com>
for c7200 bandwidth points oversubscription and usage guidelines.


4 Ethernet interfaces
1 FastEthernet interface
125K bytes of NVRAM.

131072K bytes of ATA PCMCIA card at slot 0 (Sector size 512 bytes).
131072K bytes of ATA PCMCIA card at slot 1 (Sector size 512 bytes).
8192K bytes of Flash internal SIMM (Sector size 256K).


Configuration register is 0x2102

Host 192.168.1.212: Command show version was executed successfully with response: Cisco IOS Software, 7200 Software (C7200-ADVENTERPRISEK9_SNA-M), Version 15.0(1)M, RELEASE SOFTWARE (fc2)
Technical Support: http://www.cisco.com/techsupport
Copyright (c) 1986-2009 by Cisco Systems, Inc.
Compiled Wed 30-Sep-09 07:48 by prod_rel_team

ROM: ROMMON Emulation Microcode
BOOTLDR: 7200 Software (C7200-ADVENTERPRISEK9_SNA-M), Version 15.0(1)M, RELEASE SOFTWARE (fc2)

R1_netg uptime is 1 hour, 27 minutes
System returned to ROM by unknown reload cause - suspect boot_data[BOOT_COUNT] 0x0, BOOT_COUNT 0, BOOTDATA 19
System image file is "tftp://255.255.255.255/unknown"


This product contains cryptographic features and is subject to United
States and local country laws governing import, export, transfer and
use. Delivery of Cisco cryptographic products does not imply
third-party authority to import, export, distribute or use encryption.
Importers, exporters, distributors and users are responsible for
compliance with U.S. and local country laws. By using this product you
agree to comply with applicable laws and regulations. If you are unable
to comply with U.S. and local laws, return this product immediately.

A summary of U.S. laws governing Cisco cryptographic products may be found at:
http://www.cisco.com/wwl/export/crypto/tool/stqrg.html

If you require further assistance please contact us by sending email to
export@cisco.com.

Cisco 7206VXR (NPE400) processor (revision A) with 245760K/16384K bytes of memory.
Processor board ID 4279256517
R7000 CPU at 150MHz, Implementation 39, Rev 2.1, 256KB L2 Cache
6 slot VXR midplane, Version 2.1

Last reset from power-on

PCI bus mb0_mb1 (Slots 0, 1, 3 and 5) has a capacity of 600 bandwidth points.
Current configuration on bus mb0_mb1 has a total of 240 bandwidth points. 
This configuration is within the PCI bus capacity and is supported. 

PCI bus mb2 (Slots 2, 4, 6) has a capacity of 600 bandwidth points.
Current configuration on bus mb2 has a total of 0 bandwidth points 
This configuration is within the PCI bus capacity and is supported. 

Please refer to the following document "Cisco 7200 Series Port Adaptor
Hardware Configuration Guidelines" on Cisco.com <http://www.cisco.com>
for c7200 bandwidth points oversubscription and usage guidelines.


4 Ethernet interfaces
1 FastEthernet interface
125K bytes of NVRAM.

131072K bytes of ATA PCMCIA card at slot 0 (Sector size 512 bytes).
131072K bytes of ATA PCMCIA card at slot 1 (Sector size 512 bytes).
8192K bytes of Flash internal SIMM (Sector size 256K).


Configuration register is 0x2102

Host 192.168.1.212: Command show version was executed successfully with response: Cisco IOS Software, 7200 Software (C7200-ADVENTERPRISEK9_SNA-M), Version 15.0(1)M, RELEASE SOFTWARE (fc2)
Technical Support: http://www.cisco.com/techsupport
Copyright (c) 1986-2009 by Cisco Systems, Inc.
Compiled Wed 30-Sep-09 07:48 by prod_rel_team

ROM: ROMMON Emulation Microcode
BOOTLDR: 7200 Software (C7200-ADVENTERPRISEK9_SNA-M), Version 15.0(1)M, RELEASE SOFTWARE (fc2)

R1_netg uptime is 1 hour, 27 minutes
System returned to ROM by unknown reload cause - suspect boot_data[BOOT_COUNT] 0x0, BOOT_COUNT 0, BOOTDATA 19
System image file is "tftp://255.255.255.255/unknown"


This product contains cryptographic features and is subject to United
States and local country laws governing import, export, transfer and
use. Delivery of Cisco cryptographic products does not imply
third-party authority to import, export, distribute or use encryption.
Importers, exporters, distributors and users are responsible for
compliance with U.S. and local country laws. By using this product you
agree to comply with applicable laws and regulations. If you are unable
to comply with U.S. and local laws, return this product immediately.

A summary of U.S. laws governing Cisco cryptographic products may be found at:
http://www.cisco.com/wwl/export/crypto/tool/stqrg.html

If you require further assistance please contact us by sending email to
export@cisco.com.

Cisco 7206VXR (NPE400) processor (revision A) with 245760K/16384K bytes of memory.
Processor board ID 4279256517
R7000 CPU at 150MHz, Implementation 39, Rev 2.1, 256KB L2 Cache
6 slot VXR midplane, Version 2.1

Last reset from power-on

PCI bus mb0_mb1 (Slots 0, 1, 3 and 5) has a capacity of 600 bandwidth points.
Current configuration on bus mb0_mb1 has a total of 240 bandwidth points. 
This configuration is within the PCI bus capacity and is supported. 

PCI bus mb2 (Slots 2, 4, 6) has a capacity of 600 bandwidth points.
Current configuration on bus mb2 has a total of 0 bandwidth points 
This configuration is within the PCI bus capacity and is supported. 

Please refer to the following document "Cisco 7200 Series Port Adaptor
Hardware Configuration Guidelines" on Cisco.com <http://www.cisco.com>
for c7200 bandwidth points oversubscription and usage guidelines.


4 Ethernet interfaces
1 FastEthernet interface
125K bytes of NVRAM.

131072K bytes of ATA PCMCIA card at slot 0 (Sector size 512 bytes).
131072K bytes of ATA PCMCIA card at slot 1 (Sector size 512 bytes).
8192K bytes of Flash internal SIMM (Sector size 256K).


Configuration register is 0x2102

Host 192.168.1.212: Command show version was executed successfully with response: Cisco IOS Software, 7200 Software (C7200-ADVENTERPRISEK9_SNA-M), Version 15.0(1)M, RELEASE SOFTWARE (fc2)
Technical Support: http://www.cisco.com/techsupport
Copyright (c) 1986-2009 by Cisco Systems, Inc.
Compiled Wed 30-Sep-09 07:48 by prod_rel_team

ROM: ROMMON Emulation Microcode
BOOTLDR: 7200 Software (C7200-ADVENTERPRISEK9_SNA-M), Version 15.0(1)M, RELEASE SOFTWARE (fc2)

R1_netg uptime is 1 hour, 27 minutes
System returned to ROM by unknown reload cause - suspect boot_data[BOOT_COUNT] 0x0, BOOT_COUNT 0, BOOTDATA 19
System image file is "tftp://255.255.255.255/unknown"


This product contains cryptographic features and is subject to United
States and local country laws governing import, export, transfer and
use. Delivery of Cisco cryptographic products does not imply
third-party authority to import, export, distribute or use encryption.
Importers, exporters, distributors and users are responsible for
compliance with U.S. and local country laws. By using this product you
agree to comply with applicable laws and regulations. If you are unable
to comply with U.S. and local laws, return this product immediately.

A summary of U.S. laws governing Cisco cryptographic products may be found at:
http://www.cisco.com/wwl/export/crypto/tool/stqrg.html

If you require further assistance please contact us by sending email to
export@cisco.com.

Cisco 7206VXR (NPE400) processor (revision A) with 245760K/16384K bytes of memory.
Processor board ID 4279256517
R7000 CPU at 150MHz, Implementation 39, Rev 2.1, 256KB L2 Cache
6 slot VXR midplane, Version 2.1

Last reset from power-on

PCI bus mb0_mb1 (Slots 0, 1, 3 and 5) has a capacity of 600 bandwidth points.
Current configuration on bus mb0_mb1 has a total of 240 bandwidth points. 
This configuration is within the PCI bus capacity and is supported. 

PCI bus mb2 (Slots 2, 4, 6) has a capacity of 600 bandwidth points.
Current configuration on bus mb2 has a total of 0 bandwidth points 
This configuration is within the PCI bus capacity and is supported. 

Please refer to the following document "Cisco 7200 Series Port Adaptor
Hardware Configuration Guidelines" on Cisco.com <http://www.cisco.com>
for c7200 bandwidth points oversubscription and usage guidelines.


4 Ethernet interfaces
1 FastEthernet interface
125K bytes of NVRAM.

131072K bytes of ATA PCMCIA card at slot 0 (Sector size 512 bytes).
131072K bytes of ATA PCMCIA card at slot 1 (Sector size 512 bytes).
8192K bytes of Flash internal SIMM (Sector size 256K).


Configuration register is 0x2102

Host 192.168.1.212: Command show version was executed successfully with response: Cisco IOS Software, 7200 Software (C7200-ADVENTERPRISEK9_SNA-M), Version 15.0(1)M, RELEASE SOFTWARE (fc2)
Technical Support: http://www.cisco.com/techsupport
Copyright (c) 1986-2009 by Cisco Systems, Inc.
Compiled Wed 30-Sep-09 07:48 by prod_rel_team

ROM: ROMMON Emulation Microcode
BOOTLDR: 7200 Software (C7200-ADVENTERPRISEK9_SNA-M), Version 15.0(1)M, RELEASE SOFTWARE (fc2)

R1_netg uptime is 1 hour, 27 minutes
System returned to ROM by unknown reload cause - suspect boot_data[BOOT_COUNT] 0x0, BOOT_COUNT 0, BOOTDATA 19
System image file is "tftp://255.255.255.255/unknown"


This product contains cryptographic features and is subject to United
States and local country laws governing import, export, transfer and
use. Delivery of Cisco cryptographic products does not imply
third-party authority to import, export, distribute or use encryption.
Importers, exporters, distributors and users are responsible for
compliance with U.S. and local country laws. By using this product you
agree to comply with applicable laws and regulations. If you are unable
to comply with U.S. and local laws, return this product immediately.

A summary of U.S. laws governing Cisco cryptographic products may be found at:
http://www.cisco.com/wwl/export/crypto/tool/stqrg.html

If you require further assistance please contact us by sending email to
export@cisco.com.

Cisco 7206VXR (NPE400) processor (revision A) with 245760K/16384K bytes of memory.
Processor board ID 4279256517
R7000 CPU at 150MHz, Implementation 39, Rev 2.1, 256KB L2 Cache
6 slot VXR midplane, Version 2.1

Last reset from power-on

PCI bus mb0_mb1 (Slots 0, 1, 3 and 5) has a capacity of 600 bandwidth points.
Current configuration on bus mb0_mb1 has a total of 240 bandwidth points. 
This configuration is within the PCI bus capacity and is supported. 

PCI bus mb2 (Slots 2, 4, 6) has a capacity of 600 bandwidth points.
Current configuration on bus mb2 has a total of 0 bandwidth points 
This configuration is within the PCI bus capacity and is supported. 

Please refer to the following document "Cisco 7200 Series Port Adaptor
Hardware Configuration Guidelines" on Cisco.com <http://www.cisco.com>
for c7200 bandwidth points oversubscription and usage guidelines.


4 Ethernet interfaces
1 FastEthernet interface
125K bytes of NVRAM.

131072K bytes of ATA PCMCIA card at slot 0 (Sector size 512 bytes).
131072K bytes of ATA PCMCIA card at slot 1 (Sector size 512 bytes).
8192K bytes of Flash internal SIMM (Sector size 256K).


Configuration register is 0x2102

Logging initialized for host None.
Logging initialized for host None.
Logging initialized for host None.
Logging initialized for host None.
Logging initialized for host None.
Logging initialized for host None.
Host 192.168.1.212: Error in show redundancy with response: % Incomplete command.

Host 192.168.1.212: Error in show redundancy with response: % Incomplete command.

Host 192.168.1.212: Error in show redundancy with response: % Incomplete command.

Host 192.168.1.212: Error in show redundancy with response: % Incomplete command.

Host 192.168.1.212: Error in show redundancy with response: % Incomplete command.

Host 192.168.1.212: Error in show redundancy with response: % Incomplete command.

Host 192.168.1.212: Command error for command 'show redundancy'.
Host 192.168.1.212: Command error for command 'show redundancy'.
Host 192.168.1.212: Command error for command 'show redundancy'.
Host 192.168.1.212: Command error for command 'show redundancy'.
Host 192.168.1.212: Command error for command 'show redundancy'.
Host 192.168.1.212: Command error for command 'show redundancy'.
Logging initialized for host 192.168.1.212.
Logging initialized for host 192.168.1.212.
Logging initialized for host 192.168.1.212.
Logging initialized for host 192.168.1.212.
Logging initialized for host 192.168.1.212.
Logging initialized for host 192.168.1.212.
Host 192.168.1.212: Error in show redundancy with response: % Incomplete command.

Host 192.168.1.212: Error in show redundancy with response: % Incomplete command.

Host 192.168.1.212: Error in show redundancy with response: % Incomplete command.

Host 192.168.1.212: Error in show redundancy with response: % Incomplete command.

Host 192.168.1.212: Error in show redundancy with response: % Incomplete command.

Host 192.168.1.212: Error in show redundancy with response: % Incomplete command.

Host 192.168.1.212: Command error for command 'show redundancy'.
Host 192.168.1.212: Command error for command 'show redundancy'.
Host 192.168.1.212: Command error for command 'show redundancy'.
Host 192.168.1.212: Command error for command 'show redundancy'.
Host 192.168.1.212: Command error for command 'show redundancy'.
Host 192.168.1.212: Command error for command 'show redundancy'.
Logging initialized for host None.
Logging initialized for host None.
Logging initialized for host None.
Logging initialized for host None.
Logging initialized for host None.
Logging initialized for host None.
Logging initialized for host None.
Logging initialized for host None.
Logging initialized for host None.
Logging initialized for host None.
Logging initialized for host None.
Logging initialized for host None.
Host 192.168.1.212: Error in show redundancy with response: % Incomplete command.

Host 192.168.1.212: Error in show redundancy with response: % Incomplete command.

Host 192.168.1.212: Error in show redundancy with response: % Incomplete command.

Host 192.168.1.212: Error in show redundancy with response: % Incomplete command.

Host 192.168.1.212: Error in show redundancy with response: % Incomplete command.

Host 192.168.1.212: Error in show redundancy with response: % Incomplete command.

Host 192.168.1.212: Command error for command 'show redundancy'.
Host 192.168.1.212: Command error for command 'show redundancy'.
Host 192.168.1.212: Command error for command 'show redundancy'.
Host 192.168.1.212: Command error for command 'show redundancy'.
Host 192.168.1.212: Command error for command 'show redundancy'.
Host 192.168.1.212: Command error for command 'show redundancy'.
Logging initialized for host 192.168.1.212.
Logging initialized for host 192.168.1.212.
Logging initialized for host 192.168.1.212.
Logging initialized for host 192.168.1.212.
Logging initialized for host 192.168.1.212.
Logging initialized for host 192.168.1.212.
Host 192.168.1.212: Error in show redundancy with response: % Incomplete command.

Host 192.168.1.212: Error in show redundancy with response: % Incomplete command.

Host 192.168.1.212: Error in show redundancy with response: % Incomplete command.

Host 192.168.1.212: Error in show redundancy with response: % Incomplete command.

Host 192.168.1.212: Error in show redundancy with response: % Incomplete command.

Host 192.168.1.212: Error in show redundancy with response: % Incomplete command.

Host 192.168.1.212: Command error for command 'show redundancy'.
Host 192.168.1.212: Command error for command 'show redundancy'.
Host 192.168.1.212: Command error for command 'show redundancy'.
Host 192.168.1.212: Command error for command 'show redundancy'.
Host 192.168.1.212: Command error for command 'show redundancy'.
Host 192.168.1.212: Command error for command 'show redundancy'.
Logging initialized for host None.
Logging initialized for host None.
Logging initialized for host None.
Logging initialized for host None.
Logging initialized for host None.
Logging initialized for host None.
Host 192.168.1.213: Error in show redundancy with response: % Incomplete command.

Host 192.168.1.213: Error in show redundancy with response: % Incomplete command.

Host 192.168.1.213: Error in show redundancy with response: % Incomplete command.

Host 192.168.1.213: Error in show redundancy with response: % Incomplete command.

Host 192.168.1.213: Error in show redundancy with response: % Incomplete command.

Host 192.168.1.213: Error in show redundancy with response: % Incomplete command.

Host 192.168.1.213: Command error for command 'show redundancy'.
Host 192.168.1.213: Command error for command 'show redundancy'.
Host 192.168.1.213: Command error for command 'show redundancy'.
Host 192.168.1.213: Command error for command 'show redundancy'.
Host 192.168.1.213: Command error for command 'show redundancy'.
Host 192.168.1.213: Command error for command 'show redundancy'.
Logging initialized for host 192.168.1.213.
Logging initialized for host 192.168.1.213.
Logging initialized for host 192.168.1.213.
Logging initialized for host 192.168.1.213.
Logging initialized for host 192.168.1.213.
Logging initialized for host 192.168.1.213.
Host 192.168.1.213: Error in show redundancy with response: % Incomplete command.

Host 192.168.1.213: Error in show redundancy with response: % Incomplete command.

Host 192.168.1.213: Error in show redundancy with response: % Incomplete command.

Host 192.168.1.213: Error in show redundancy with response: % Incomplete command.

Host 192.168.1.213: Error in show redundancy with response: % Incomplete command.

Host 192.168.1.213: Error in show redundancy with response: % Incomplete command.

Host 192.168.1.213: Command error for command 'show redundancy'.
Host 192.168.1.213: Command error for command 'show redundancy'.
Host 192.168.1.213: Command error for command 'show redundancy'.
Host 192.168.1.213: Command error for command 'show redundancy'.
Host 192.168.1.213: Command error for command 'show redundancy'.
Host 192.168.1.213: Command error for command 'show redundancy'.
Logging initialized for host None.
Logging initialized for host None.
Logging initialized for host None.
Logging initialized for host None.
Logging initialized for host None.
Logging initialized for host None.
Host 192.168.1.212: Error in show redundancy with response: % Incomplete command.

Host 192.168.1.212: Error in show redundancy with response: % Incomplete command.

Host 192.168.1.212: Error in show redundancy with response: % Incomplete command.

Host 192.168.1.212: Error in show redundancy with response: % Incomplete command.

Host 192.168.1.212: Error in show redundancy with response: % Incomplete command.

Host 192.168.1.212: Error in show redundancy with response: % Incomplete command.

Host 192.168.1.212: Command error for command 'show redundancy'.
Host 192.168.1.212: Command error for command 'show redundancy'.
Host 192.168.1.212: Command error for command 'show redundancy'.
Host 192.168.1.212: Command error for command 'show redundancy'.
Host 192.168.1.212: Command error for command 'show redundancy'.
Host 192.168.1.212: Command error for command 'show redundancy'.
Logging initialized for host 192.168.1.212.
Logging initialized for host 192.168.1.212.
Logging initialized for host 192.168.1.212.
Logging initialized for host 192.168.1.212.
Logging initialized for host 192.168.1.212.
Logging initialized for host 192.168.1.212.
Host 192.168.1.212: Error in show redundancy with response: % Incomplete command.

Host 192.168.1.212: Error in show redundancy with response: % Incomplete command.

Host 192.168.1.212: Error in show redundancy with response: % Incomplete command.

Host 192.168.1.212: Error in show redundancy with response: % Incomplete command.

Host 192.168.1.212: Error in show redundancy with response: % Incomplete command.

Host 192.168.1.212: Error in show redundancy with response: % Incomplete command.

Host 192.168.1.212: Command error for command 'show redundancy'.
Host 192.168.1.212: Command error for command 'show redundancy'.
Host 192.168.1.212: Command error for command 'show redundancy'.
Host 192.168.1.212: Command error for command 'show redundancy'.
Host 192.168.1.212: Command error for command 'show redundancy'.
Host 192.168.1.212: Command error for command 'show redundancy'.
Host 192.168.1.212: Command show running-config was executed successfully with response: Building configuration...

Current configuration : 1161 bytes
!
! Last configuration change at 11:06:39 UTC Sun Sep 15 2024 by netg
!
upgrade fpd auto
version 15.0
service timestamps debug datetime msec
service timestamps log datetime msec
no service password-encryption
!
hostname Router1
!
boot-start-marker
boot-end-marker
!
!
no aaa new-model
!
!
!
ip source-route
ip cef
!
!
!
!
ip domain name netg.com
no ipv6 cef
!
multilink bundle-name authenticated
!
!
!
!
!
!
!
!
username netg privilege 15 password 0 netg
!
redundancy
!
!
! 
!
!
!
!
!
!
!
interface FastEthernet0/0
 no ip address
 shutdown
 duplex half
 !
!
interface Ethernet1/0
 ip address 192.168.1.212 255.255.255.0
 duplex full
 !
!
interface Ethernet1/1
 no ip address
 shutdown
 duplex half
 !
!
interface Ethernet1/2
 no ip address
 shutdown
 duplex half
 !
!
interface Ethernet1/3
 no ip address
 shutdown
 duplex half
 !
!
!
ip forward-protocol nd
no ip http server
no ip http secure-server
!
!
!
!
!
!
!
!
!
control-plane
 !
!
!
mgcp fax t38 ecm
mgcp behavior g729-variants static-pt
!
!
!
gatekeeper
 shutdown
!
!
line con 0
 stopbits 1
line aux 0
 stopbits 1
line vty 0 4
 privilege level 15
 password netg
 login local
 transport input all
!
end

Host 192.168.1.212: Command show running-config was executed successfully with response: Building configuration...

Current configuration : 1161 bytes
!
! Last configuration change at 11:06:39 UTC Sun Sep 15 2024 by netg
!
upgrade fpd auto
version 15.0
service timestamps debug datetime msec
service timestamps log datetime msec
no service password-encryption
!
hostname Router1
!
boot-start-marker
boot-end-marker
!
!
no aaa new-model
!
!
!
ip source-route
ip cef
!
!
!
!
ip domain name netg.com
no ipv6 cef
!
multilink bundle-name authenticated
!
!
!
!
!
!
!
!
username netg privilege 15 password 0 netg
!
redundancy
!
!
! 
!
!
!
!
!
!
!
interface FastEthernet0/0
 no ip address
 shutdown
 duplex half
 !
!
interface Ethernet1/0
 ip address 192.168.1.212 255.255.255.0
 duplex full
 !
!
interface Ethernet1/1
 no ip address
 shutdown
 duplex half
 !
!
interface Ethernet1/2
 no ip address
 shutdown
 duplex half
 !
!
interface Ethernet1/3
 no ip address
 shutdown
 duplex half
 !
!
!
ip forward-protocol nd
no ip http server
no ip http secure-server
!
!
!
!
!
!
!
!
!
control-plane
 !
!
!
mgcp fax t38 ecm
mgcp behavior g729-variants static-pt
!
!
!
gatekeeper
 shutdown
!
!
line con 0
 stopbits 1
line aux 0
 stopbits 1
line vty 0 4
 privilege level 15
 password netg
 login local
 transport input all
!
end

Host 192.168.1.212: Command show running-config was executed successfully with response: Building configuration...

Current configuration : 1161 bytes
!
! Last configuration change at 11:06:39 UTC Sun Sep 15 2024 by netg
!
upgrade fpd auto
version 15.0
service timestamps debug datetime msec
service timestamps log datetime msec
no service password-encryption
!
hostname Router1
!
boot-start-marker
boot-end-marker
!
!
no aaa new-model
!
!
!
ip source-route
ip cef
!
!
!
!
ip domain name netg.com
no ipv6 cef
!
multilink bundle-name authenticated
!
!
!
!
!
!
!
!
username netg privilege 15 password 0 netg
!
redundancy
!
!
! 
!
!
!
!
!
!
!
interface FastEthernet0/0
 no ip address
 shutdown
 duplex half
 !
!
interface Ethernet1/0
 ip address 192.168.1.212 255.255.255.0
 duplex full
 !
!
interface Ethernet1/1
 no ip address
 shutdown
 duplex half
 !
!
interface Ethernet1/2
 no ip address
 shutdown
 duplex half
 !
!
interface Ethernet1/3
 no ip address
 shutdown
 duplex half
 !
!
!
ip forward-protocol nd
no ip http server
no ip http secure-server
!
!
!
!
!
!
!
!
!
control-plane
 !
!
!
mgcp fax t38 ecm
mgcp behavior g729-variants static-pt
!
!
!
gatekeeper
 shutdown
!
!
line con 0
 stopbits 1
line aux 0
 stopbits 1
line vty 0 4
 privilege level 15
 password netg
 login local
 transport input all
!
end

Host 192.168.1.212: Command show running-config was executed successfully with response: Building configuration...

Current configuration : 1161 bytes
!
! Last configuration change at 11:06:39 UTC Sun Sep 15 2024 by netg
!
upgrade fpd auto
version 15.0
service timestamps debug datetime msec
service timestamps log datetime msec
no service password-encryption
!
hostname Router1
!
boot-start-marker
boot-end-marker
!
!
no aaa new-model
!
!
!
ip source-route
ip cef
!
!
!
!
ip domain name netg.com
no ipv6 cef
!
multilink bundle-name authenticated
!
!
!
!
!
!
!
!
username netg privilege 15 password 0 netg
!
redundancy
!
!
! 
!
!
!
!
!
!
!
interface FastEthernet0/0
 no ip address
 shutdown
 duplex half
 !
!
interface Ethernet1/0
 ip address 192.168.1.212 255.255.255.0
 duplex full
 !
!
interface Ethernet1/1
 no ip address
 shutdown
 duplex half
 !
!
interface Ethernet1/2
 no ip address
 shutdown
 duplex half
 !
!
interface Ethernet1/3
 no ip address
 shutdown
 duplex half
 !
!
!
ip forward-protocol nd
no ip http server
no ip http secure-server
!
!
!
!
!
!
!
!
!
control-plane
 !
!
!
mgcp fax t38 ecm
mgcp behavior g729-variants static-pt
!
!
!
gatekeeper
 shutdown
!
!
line con 0
 stopbits 1
line aux 0
 stopbits 1
line vty 0 4
 privilege level 15
 password netg
 login local
 transport input all
!
end

Host 192.168.1.212: Command show running-config was executed successfully with response: Building configuration...

Current configuration : 1161 bytes
!
! Last configuration change at 11:06:39 UTC Sun Sep 15 2024 by netg
!
upgrade fpd auto
version 15.0
service timestamps debug datetime msec
service timestamps log datetime msec
no service password-encryption
!
hostname Router1
!
boot-start-marker
boot-end-marker
!
!
no aaa new-model
!
!
!
ip source-route
ip cef
!
!
!
!
ip domain name netg.com
no ipv6 cef
!
multilink bundle-name authenticated
!
!
!
!
!
!
!
!
username netg privilege 15 password 0 netg
!
redundancy
!
!
! 
!
!
!
!
!
!
!
interface FastEthernet0/0
 no ip address
 shutdown
 duplex half
 !
!
interface Ethernet1/0
 ip address 192.168.1.212 255.255.255.0
 duplex full
 !
!
interface Ethernet1/1
 no ip address
 shutdown
 duplex half
 !
!
interface Ethernet1/2
 no ip address
 shutdown
 duplex half
 !
!
interface Ethernet1/3
 no ip address
 shutdown
 duplex half
 !
!
!
ip forward-protocol nd
no ip http server
no ip http secure-server
!
!
!
!
!
!
!
!
!
control-plane
 !
!
!
mgcp fax t38 ecm
mgcp behavior g729-variants static-pt
!
!
!
gatekeeper
 shutdown
!
!
line con 0
 stopbits 1
line aux 0
 stopbits 1
line vty 0 4
 privilege level 15
 password netg
 login local
 transport input all
!
end

Host 192.168.1.212: Command show running-config was executed successfully with response: Building configuration...

Current configuration : 1161 bytes
!
! Last configuration change at 11:06:39 UTC Sun Sep 15 2024 by netg
!
upgrade fpd auto
version 15.0
service timestamps debug datetime msec
service timestamps log datetime msec
no service password-encryption
!
hostname Router1
!
boot-start-marker
boot-end-marker
!
!
no aaa new-model
!
!
!
ip source-route
ip cef
!
!
!
!
ip domain name netg.com
no ipv6 cef
!
multilink bundle-name authenticated
!
!
!
!
!
!
!
!
username netg privilege 15 password 0 netg
!
redundancy
!
!
! 
!
!
!
!
!
!
!
interface FastEthernet0/0
 no ip address
 shutdown
 duplex half
 !
!
interface Ethernet1/0
 ip address 192.168.1.212 255.255.255.0
 duplex full
 !
!
interface Ethernet1/1
 no ip address
 shutdown
 duplex half
 !
!
interface Ethernet1/2
 no ip address
 shutdown
 duplex half
 !
!
interface Ethernet1/3
 no ip address
 shutdown
 duplex half
 !
!
!
ip forward-protocol nd
no ip http server
no ip http secure-server
!
!
!
!
!
!
!
!
!
control-plane
 !
!
!
mgcp fax t38 ecm
mgcp behavior g729-variants static-pt
!
!
!
gatekeeper
 shutdown
!
!
line con 0
 stopbits 1
line aux 0
 stopbits 1
line vty 0 4
 privilege level 15
 password netg
 login local
 transport input all
!
end

